[debug] [2021-05-06T14:02:49.602Z] ----------------------------------------------------------------------
[debug] [2021-05-06T14:02:49.604Z] Command:       C:\Program Files\nodejs\node.exe C:\Users\maxsa\AppData\Roaming\npm\node_modules\firebase-tools\lib\bin\firebase.js init
[debug] [2021-05-06T14:02:49.604Z] CLI Version:   9.10.1
[debug] [2021-05-06T14:02:49.604Z] Platform:      win32
[debug] [2021-05-06T14:02:49.605Z] Node Version:  v12.16.3
[debug] [2021-05-06T14:02:49.606Z] Time:          Thu May 06 2021 08:02:49 GMT-0600 (Mountain Daylight Time)
[debug] [2021-05-06T14:02:49.606Z] ----------------------------------------------------------------------
[debug] 
[debug] [2021-05-06T14:02:49.612Z] > command requires scopes: ["email","openid","https://www.googleapis.com/auth/cloudplatformprojects.readonly","https://www.googleapis.com/auth/firebase","https://www.googleapis.com/auth/cloud-platform"]
[debug] [2021-05-06T14:02:49.613Z] > authorizing via signed-in user (max.sands1503@gmail.com)
[info] 
     ######## #### ########  ######## ########     ###     ######  ########
     ##        ##  ##     ## ##       ##     ##  ##   ##  ##       ##
     ######    ##  ########  ######   ########  #########  ######  ######
     ##        ##  ##    ##  ##       ##     ## ##     ##       ## ##
     ##       #### ##     ## ######## ########  ##     ##  ######  ########

You're about to initialize a Firebase project in this directory:

  C:\Workspace\portfolio-site

Before we get started, keep in mind:

  * You are currently outside your home directory

[info] 
=== Project Setup
[info] 
[info] First, let's associate this project directory with a Firebase project.
[info] You can create multiple project aliases by running firebase use --add, 
[info] but for now we'll just set up a default project.
[info] 
[debug] [2021-05-06T14:02:56.546Z] >>> [apiv2][query] GET https://firebase.googleapis.com/v1beta1/projects pageSize=100
[debug] [2021-05-06T14:02:56.696Z] <<< [apiv2][status] GET https://firebase.googleapis.com/v1beta1/projects 200
[debug] [2021-05-06T14:02:56.696Z] <<< [apiv2][body] GET https://firebase.googleapis.com/v1beta1/projects [omitted]
[info] i  Using project portfolio-61cd1 (portfolio) 
[info] 
=== Hosting Setup
[info] 
[info] Your public directory is the folder (relative to your project directory) that
[info] will contain Hosting assets to be uploaded with firebase deploy. If you
[info] have a build process for your assets, use your build's output directory.
[info] 
[debug] [2021-05-06T14:03:18.321Z] >>> [apiv2][query] GET https://www.gstatic.com/firebasejs/releases.json [none]
[debug] [2021-05-06T14:03:18.364Z] <<< [apiv2][status] GET https://www.gstatic.com/firebasejs/releases.json 200
[debug] [2021-05-06T14:03:18.365Z] <<< [apiv2][body] GET https://www.gstatic.com/firebasejs/releases.json {"current":{"version":"8.5.0","browserURL":"https://www.gstatic.com/firebasejs/8.5.0/firebase.js","packageURL":"https://www.gstatic.com/firebasejs/8.5.0/firebase.tgz"},"live":{"version":"8.5","browserURL":"https://www.gstatic.com/firebasejs/live/8.5/firebase.js","packageURL":"https://www.gstatic.com/firebasejs/live/8.5/firebase.tgz"},"components":{"analytics":"https://www.gstatic.com/firebasejs/8.5.0/firebase-analytics.js","app":"https://www.gstatic.com/firebasejs/8.5.0/firebase-app.js","auth":"https://www.gstatic.com/firebasejs/8.5.0/firebase-auth.js","database":"https://www.gstatic.com/firebasejs/8.5.0/firebase-database.js","firestore":"https://www.gstatic.com/firebasejs/8.5.0/firebase-firestore.js","functions":"https://www.gstatic.com/firebasejs/8.5.0/firebase-functions.js","installations":"https://www.gstatic.com/firebasejs/8.5.0/firebase-installations.js","messaging":"https://www.gstatic.com/firebasejs/8.5.0/firebase-messaging.js","storage":"https://www.gstatic.com/firebasejs/8.5.0/firebase-storage.js","performance":"https://www.gstatic.com/firebasejs/8.5.0/firebase-performance.js","remote-config":"https://www.gstatic.com/firebasejs/8.5.0/firebase-remote-config.js","firestore.memory":"https://www.gstatic.com/firebasejs/8.5.0/firebase-firestore.memory.js"}}
[info] i  Skipping write of public/index.html 
[info] 
[info] i  Detected a .git folder at C:\Workspace\portfolio-site 
[info] i  Authorizing with GitHub to upload your service account to a GitHub repository's secrets store. 
[info] 
[info] Visit this URL on this device to log in:
[info] https://github.com/login/oauth/authorize?client_id=89cf50f02ac6aaed3484&state=994372330&redirect_uri=http%3A%2F%2Flocalhost%3A9005&scope=read%3Auser%20repo%20public_repo
[info] 
[info] Waiting for authentication...
[debug] [2021-05-06T14:03:25.049Z] >>> HTTP REQUEST POST https://github.com/login/oauth/access_token  
 {"client_id":"89cf50f02ac6aaed3484","client_secret":"3330d14abc895d9a74d5f17cd7a00711fa2c5bf0","code":"e953310e9a378f5ed44c","redirect_uri":"http://localhost:9005","state":"994372330"}
[debug] [2021-05-06T14:03:25.297Z] <<< HTTP RESPONSE 200 {"server":"GitHub.com","date":"Thu, 06 May 2021 14:03:25 GMT","content-type":"application/json; charset=utf-8","transfer-encoding":"chunked","vary":"X-PJAX, Accept-Encoding, Accept, X-Requested-With","permissions-policy":"interest-cohort=()","etag":"W/\"9627111f82d298430b698102b252dae8\"","cache-control":"max-age=0, private, must-revalidate","strict-transport-security":"max-age=31536000; includeSubdomains; preload","x-frame-options":"deny","x-content-type-options":"nosniff","x-xss-protection":"0","referrer-policy":"origin-when-cross-origin, strict-origin-when-cross-origin","expect-ct":"max-age=2592000, report-uri=\"https://api.github.com/_private/browser/errors\"","content-security-policy":"default-src 'none'; base-uri 'self'; block-all-mixed-content; connect-src 'self' uploads.github.com www.githubstatus.com collector.githubapp.com api.github.com github-cloud.s3.amazonaws.com github-production-repository-file-5c1aeb.s3.amazonaws.com github-production-upload-manifest-file-7fdce7.s3.amazonaws.com github-production-user-asset-6210df.s3.amazonaws.com cdn.optimizely.com logx.optimizely.com/v1/events wss://alive.github.com; font-src github.githubassets.com; form-action 'self' github.com gist.github.com; frame-ancestors 'none'; frame-src render.githubusercontent.com; img-src 'self' data: github.githubassets.com identicons.github.com collector.githubapp.com github-cloud.s3.amazonaws.com secured-user-images.githubusercontent.com/ *.githubusercontent.com; manifest-src 'self'; media-src 'none'; script-src github.githubassets.com; style-src 'unsafe-inline' github.githubassets.com; worker-src github.com/socket-worker-3f088aa2.js gist.github.com/socket-worker-3f088aa2.js","x-github-request-id":"C748:6983:DEC548:17DC99A:6093F72D"}
[debug] [2021-05-06T14:03:25.300Z] >>> [apiv2][query] GET https://api.github.com/user [none]
[debug] [2021-05-06T14:03:25.597Z] <<< [apiv2][status] GET https://api.github.com/user 200
[debug] [2021-05-06T14:03:25.598Z] <<< [apiv2][body] GET https://api.github.com/user {"login":"maxsands1503","id":16732410,"node_id":"MDQ6VXNlcjE2NzMyNDEw","avatar_url":"https://avatars.githubusercontent.com/u/16732410?v=4","gravatar_id":"","url":"https://api.github.com/users/maxsands1503","html_url":"https://github.com/maxsands1503","followers_url":"https://api.github.com/users/maxsands1503/followers","following_url":"https://api.github.com/users/maxsands1503/following{/other_user}","gists_url":"https://api.github.com/users/maxsands1503/gists{/gist_id}","starred_url":"https://api.github.com/users/maxsands1503/starred{/owner}{/repo}","subscriptions_url":"https://api.github.com/users/maxsands1503/subscriptions","organizations_url":"https://api.github.com/users/maxsands1503/orgs","repos_url":"https://api.github.com/users/maxsands1503/repos","events_url":"https://api.github.com/users/maxsands1503/events{/privacy}","received_events_url":"https://api.github.com/users/maxsands1503/received_events","type":"User","site_admin":false,"name":"Maxwell Sands","company":null,"blog":"www.linkedin.com/in/maxsands1503","location":"Denver, CO","email":"maxsands1503@icloud.com","hireable":true,"bio":null,"twitter_username":null,"public_repos":84,"public_gists":1,"followers":8,"following":3,"created_at":"2016-01-16T11:39:27Z","updated_at":"2021-05-01T17:57:00Z","private_gists":0,"total_private_repos":49,"owned_private_repos":6,"disk_usage":64966,"collaborators":2,"two_factor_authentication":false,"plan":{"name":"free","space":976562499,"collaborators":0,"private_repos":10000}}
[info] 
[info] +  Success! Logged into GitHub as maxsands1503 
[info] 
